<?xml version="1.0" encoding="UTF-8"?>
<testng-results skipped="0" failed="0" ignored="0" total="1" passed="1">
  <reporter-output>
  </reporter-output>
  <suite name="Suite" duration-ms="70972" started-at="2020-03-21T08:55:39 IST" finished-at="2020-03-21T08:56:50 IST">
    <groups>
    </groups>
    <test name="Test" duration-ms="70972" started-at="2020-03-21T08:55:39 IST" finished-at="2020-03-21T08:56:50 IST">
      <class name="com.ibm.tests.Facebook_Login">
        <test-method status="PASS" signature="facebooLogin()[pri:0, instance:com.ibm.tests.Facebook_Login@52feb982]" name="facebooLogin" duration-ms="70712" started-at="2020-03-21T08:55:40 IST" finished-at="2020-03-21T08:56:50 IST">
          <reporter-output>
          </reporter-output>
        </test-method> <!-- facebooLogin -->
      </class> <!-- com.ibm.tests.Facebook_Login -->
    </test> <!-- Test -->
  </suite> <!-- Suite -->
</testng-results>
